<?xml version="1.0" encoding="UTF-8"?>
<!-- Generated by org.testng.reporters.JUnitReportReporter -->
<testsuite skipped="0" hostname="RSI1562" name="br.com.rsinet.hub_tdd_mobile.tests.BuscaHomeTest" tests="2" failures="0" timestamp="12 Feb 2020 16:09:11 GMT" time="44.319" errors="0">
  <testcase name="deveEncontrarProduto" time="28.286" classname="br.com.rsinet.hub_tdd_mobile.tests.BuscaHomeTest"/>
  <testcase name="deveInformarProdutoNaoEncontrado" time="16.033" classname="br.com.rsinet.hub_tdd_mobile.tests.BuscaHomeTest"/>
</testsuite> <!-- br.com.rsinet.hub_tdd_mobile.tests.BuscaHomeTest -->
