<?xml version="1.0" encoding="UTF-8"?>
<!-- Generated by org.testng.reporters.JUnitReportReporter -->
<testsuite skipped="0" hostname="RSI1562" name="br.com.rsinet.hub_tdd_mobile.tests.CadastroTest" tests="2" failures="0" timestamp="12 Feb 2020 16:09:11 GMT" time="49.906" errors="0">
  <testcase name="deveValidarMinimoDeCaracteresUsuario" time="11.533" classname="br.com.rsinet.hub_tdd_mobile.tests.CadastroTest"/>
  <testcase name="deveCadastrarUsuario" time="38.373" classname="br.com.rsinet.hub_tdd_mobile.tests.CadastroTest"/>
</testsuite> <!-- br.com.rsinet.hub_tdd_mobile.tests.CadastroTest -->
