<?xml version="1.0" encoding="UTF-8"?>
<!-- Generated by org.testng.reporters.JUnitReportReporter -->
<testsuite skipped="0" hostname="RSI1562" name="br.com.rsinet.hub_tdd_mobile.tests.BuscaLupaTest" tests="2" failures="0" timestamp="12 Feb 2020 16:09:11 GMT" time="35.931" errors="0">
  <testcase name="deveBuscarProdutoPelaLupa" time="27.620" classname="br.com.rsinet.hub_tdd_mobile.tests.BuscaLupaTest"/>
  <testcase name="deveInformarSemResultados" time="8.311" classname="br.com.rsinet.hub_tdd_mobile.tests.BuscaLupaTest"/>
</testsuite> <!-- br.com.rsinet.hub_tdd_mobile.tests.BuscaLupaTest -->
